===========================================
BÁO CÁO KẾT QUẢ TEST
Thời gian bắt đầu: 2025-04-23 09:16:06
===========================================

=== RUN   TestAuthFlow
=== RUN   TestAuthFlow/👤_Đăng_ký_tài_khoản
✅ Đăng ký thành công với email: test@example.com
=== RUN   TestAuthFlow/🔐_Đăng_nhập
✅ Đăng nhập thành công và nhận được token
=== RUN   TestAuthFlow/👤_Lấy_thông_tin_profile
✅ Lấy thông tin profile thành công
=== RUN   TestAuthFlow/✏️_Cập_nhật_profile
    auth_test.go:130: 
        	Error Trace:	C:/Projects/DMD/NextCommerce/FolkForm/ff_be_auth/tests/cases/auth_test.go:130
        	Error:      	Not equal: 
        	            	expected: 200
        	            	actual  : 409
        	Test:       	TestAuthFlow/✏️_Cập_nhật_profile
        	Messages:   	Status code phải là 200
    auth_test.go:137: 
        	Error Trace:	C:/Projects/DMD/NextCommerce/FolkForm/ff_be_auth/tests/cases/auth_test.go:137
        	Error:      	Should be true
        	Test:       	TestAuthFlow/✏️_Cập_nhật_profile
        	Messages:   	Phải có data trong response
    auth_test.go:140: 
        	Error Trace:	C:/Projects/DMD/NextCommerce/FolkForm/ff_be_auth/tests/cases/auth_test.go:140
        	Error:      	Not equal: 
        	            	expected: string("Updated Test User")
        	            	actual  : <nil>(<nil>)
        	Test:       	TestAuthFlow/✏️_Cập_nhật_profile
        	Messages:   	Tên phải được cập nhật
✅ Cập nhật profile thành công
=== RUN   TestAuthFlow/🔑_Đổi_mật_khẩu
✅ Đổi mật khẩu thành công
=== RUN   TestAuthFlow/🚪_Đăng_xuất
    auth_test.go:186: 
        	Error Trace:	C:/Projects/DMD/NextCommerce/FolkForm/ff_be_auth/tests/cases/auth_test.go:186
        	Error:      	Not equal: 
        	            	expected: 200
        	            	actual  : 401
        	Test:       	TestAuthFlow/🚪_Đăng_xuất
        	Messages:   	Status code phải là 200
✅ Đăng xuất thành công
--- FAIL: TestAuthFlow (2.33s)
    --- PASS: TestAuthFlow/👤_Đăng_ký_tài_khoản (0.09s)
    --- PASS: TestAuthFlow/🔐_Đăng_nhập (0.07s)
    --- PASS: TestAuthFlow/👤_Lấy_thông_tin_profile (0.00s)
    --- FAIL: TestAuthFlow/✏️_Cập_nhật_profile (0.01s)
    --- PASS: TestAuthFlow/🔑_Đổi_mật_khẩu (0.15s)
    --- FAIL: TestAuthFlow/🚪_Đăng_xuất (0.00s)
=== RUN   TestHealthCheck
=== RUN   TestHealthCheck/🏥_Kiểm_tra_Health_Check_API
✅ Health Check thành công:
   - Status: healthy
   - Time: 2025-04-23T09:16:17.3869579+07:00
--- PASS: TestHealthCheck (2.01s)
    --- PASS: TestHealthCheck/🏥_Kiểm_tra_Health_Check_API (0.00s)
FAIL
FAIL	meta_commerce/tests/cases	4.806s
FAIL

===========================================
TỔNG KẾT BÁO CÁO
- Tổng số test cases: 9
- Số test passed: 6
- Số test failed: 3
- Thời gian kết thúc: 2025-04-23 09:16:17
=========================================== 